<?xml version="1.0" encoding="UTF-8"?>
<!-- Generated by org.testng.reporters.JUnitXMLReporter -->
<testsuite ignored="0" hostname="PUMA-70310-WL" failures="1" tests="1" name="Default test" time="58.403" errors="0" timestamp="2024-06-17T16:59:50 IST">
  <testcase classname="io.cucumber.testng.AbstractTestNGCucumberTests" name="runScenario" time="58.068">
    <failure type="org.openqa.selenium.NoSuchElementException" message="An element could not be located on the page using the given search parameters.
For documentation on this error, please visit: https://www.selenium.dev/documentation/webdriver/troubleshooting/errors#no-such-element-exception
Build info: version: &amp;apos;4.21.0&amp;apos;, revision: &amp;apos;79ed462ef4&amp;apos;
System info: os.name: &amp;apos;Windows 11&amp;apos;, os.arch: &amp;apos;amd64&amp;apos;, os.version: &amp;apos;10.0&amp;apos;, java.version: &amp;apos;21.0.2&amp;apos;
Driver info: io.appium.java_client.android.AndroidDriver
Command: [92c0edd6-31de-45bd-83d5-5584e09a415f, findElement {value=//android.view.ViewGroup[@content-desc=&amp;quot;test-Menu&amp;quot;], using=xpath}]
Capabilities {appium:app: E://AppiumTraining//Trainin..., appium:appActivity: com.swaglabsmobileapp.MainA..., appium:appPackage: com.swaglabsmobileapp, appium:appWaitActivity: *, appium:appWaitForLaunch: true, appium:autoGrantPermissions: true, appium:automationName: UiAutomator2, appium:databaseEnabled: false, appium:desired: {app: E://AppiumTraining//Trainin..., appActivity: com.swaglabsmobileapp.MainA..., appPackage: com.swaglabsmobileapp, appWaitActivity: *, appWaitForLaunch: true, autoGrantPermissions: true, automationName: UiAutomator2, deviceName: RakeshPhone, noReset: true, platformName: ANDROID, platformVersion: 14.0}, appium:deviceApiLevel: 34, appium:deviceManufacturer: Google, appium:deviceModel: sdk_gphone64_x86_64, appium:deviceName: emulator-5554, appium:deviceScreenDensity: 480, appium:deviceScreenSize: 1344x2992, appium:deviceUDID: emulator-5554, appium:javascriptEnabled: true, appium:locationContextEnabled: false, appium:networkConnectionEnabled: true, appium:noReset: true, appium:pixelRatio: 3, appium:platformVersion: 14, appium:statBarHeight: 151, appium:takesScreenshot: true, appium:viewportRect: {height: 2841, left: 0, top: 151, width: 1344}, appium:warnings: {}, appium:webStorageEnabled: false, platformName: ANDROID}
Session ID: 92c0edd6-31de-45bd-83d5-5584e09a415f">
      <![CDATA[org.openqa.selenium.NoSuchElementException: An element could not be located on the page using the given search parameters.
For documentation on this error, please visit: https://www.selenium.dev/documentation/webdriver/troubleshooting/errors#no-such-element-exception
Build info: version: '4.21.0', revision: '79ed462ef4'
System info: os.name: 'Windows 11', os.arch: 'amd64', os.version: '10.0', java.version: '21.0.2'
Driver info: io.appium.java_client.android.AndroidDriver
Command: [92c0edd6-31de-45bd-83d5-5584e09a415f, findElement {value=//android.view.ViewGroup[@content-desc="test-Menu"], using=xpath}]
Capabilities {appium:app: E://AppiumTraining//Trainin..., appium:appActivity: com.swaglabsmobileapp.MainA..., appium:appPackage: com.swaglabsmobileapp, appium:appWaitActivity: *, appium:appWaitForLaunch: true, appium:autoGrantPermissions: true, appium:automationName: UiAutomator2, appium:databaseEnabled: false, appium:desired: {app: E://AppiumTraining//Trainin..., appActivity: com.swaglabsmobileapp.MainA..., appPackage: com.swaglabsmobileapp, appWaitActivity: *, appWaitForLaunch: true, autoGrantPermissions: true, automationName: UiAutomator2, deviceName: RakeshPhone, noReset: true, platformName: ANDROID, platformVersion: 14.0}, appium:deviceApiLevel: 34, appium:deviceManufacturer: Google, appium:deviceModel: sdk_gphone64_x86_64, appium:deviceName: emulator-5554, appium:deviceScreenDensity: 480, appium:deviceScreenSize: 1344x2992, appium:deviceUDID: emulator-5554, appium:javascriptEnabled: true, appium:locationContextEnabled: false, appium:networkConnectionEnabled: true, appium:noReset: true, appium:pixelRatio: 3, appium:platformVersion: 14, appium:statBarHeight: 151, appium:takesScreenshot: true, appium:viewportRect: {height: 2841, left: 0, top: 151, width: 1344}, appium:warnings: {}, appium:webStorageEnabled: false, platformName: ANDROID}
Session ID: 92c0edd6-31de-45bd-83d5-5584e09a415f
at java.base/jdk.internal.reflect.DirectConstructorHandleAccessor.newInstance(DirectConstructorHandleAccessor.java:62)
at java.base/java.lang.reflect.Constructor.newInstanceWithCaller(Constructor.java:502)
at java.base/java.lang.reflect.Constructor.newInstance(Constructor.java:486)
at org.openqa.selenium.remote.ErrorCodec.decode(ErrorCodec.java:167)
at org.openqa.selenium.remote.codec.w3c.W3CHttpResponseCodec.decode(W3CHttpResponseCodec.java:138)
at org.openqa.selenium.remote.codec.w3c.W3CHttpResponseCodec.decode(W3CHttpResponseCodec.java:50)
at org.openqa.selenium.remote.HttpCommandExecutor.execute(HttpCommandExecutor.java:190)
at io.appium.java_client.remote.AppiumCommandExecutor.execute(AppiumCommandExecutor.java:237)
at org.openqa.selenium.remote.RemoteWebDriver.execute(RemoteWebDriver.java:518)
at org.openqa.selenium.remote.ElementLocation$ElementFinder$2.findElement(ElementLocation.java:165)
at org.openqa.selenium.remote.ElementLocation.findElement(ElementLocation.java:59)
at org.openqa.selenium.remote.RemoteWebDriver.findElement(RemoteWebDriver.java:355)
at org.openqa.selenium.remote.RemoteWebDriver.findElement(RemoteWebDriver.java:349)
at pageobjects.LoginPage.homePage(LoginPage.java:69)
at stepDefinitions.LoginSteps.homePage(LoginSteps.java:30)
at ✽.User should be on the homepage(file:///E:/AppiumTraining/AppiumBddAssingment/src/test/resources/LoginFeature.feature:11)
]]>
    </failure>
  </testcase> <!-- runScenario -->
</testsuite> <!-- Default test -->
